<?xml version="1.0" encoding="UTF-8"?>
<coverage generated="1772206349776" clover="3.2.0">
  <project timestamp="1772206349776" name="All files">
    <metrics statements="41" coveredstatements="41" conditionals="14" coveredconditionals="14" methods="9" coveredmethods="9" elements="64" coveredelements="64" complexity="0" loc="41" ncloc="41" packages="1" files="1" classes="1"/>
    <file name="SpaceUpload.jsx" path="/app/client/src/components/SpaceUpload.jsx">
      <metrics statements="41" coveredstatements="41" conditionals="14" coveredconditionals="14" methods="9" coveredmethods="9"/>
      <line num="7" count="17" type="stmt"/>
      <line num="8" count="17" type="stmt"/>
      <line num="9" count="17" type="stmt"/>
      <line num="11" count="17" type="stmt"/>
      <line num="12" count="5" type="cond" truecount="4" falsecount="0"/>
      <line num="14" count="4" type="stmt"/>
      <line num="15" count="4" type="stmt"/>
      <line num="16" count="4" type="stmt"/>
      <line num="17" count="4" type="stmt"/>
      <line num="18" count="4" type="stmt"/>
      <line num="19" count="4" type="stmt"/>
      <line num="20" count="4" type="stmt"/>
      <line num="21" count="4" type="stmt"/>
      <line num="23" count="4" type="cond" truecount="4" falsecount="0"/>
      <line num="24" count="2" type="cond" truecount="2" falsecount="0"/>
      <line num="25" count="1" type="stmt"/>
      <line num="26" count="1" type="stmt"/>
      <line num="28" count="1" type="stmt"/>
      <line num="29" count="1" type="stmt"/>
      <line num="33" count="4" type="stmt"/>
      <line num="34" count="4" type="stmt"/>
      <line num="35" count="4" type="stmt"/>
      <line num="36" count="4" type="stmt"/>
      <line num="38" count="4" type="stmt"/>
      <line num="39" count="4" type="stmt"/>
      <line num="41" count="4" type="stmt"/>
      <line num="42" count="4" type="stmt"/>
      <line num="44" count="4" type="stmt"/>
      <line num="46" count="4" type="stmt"/>
      <line num="49" count="17" type="stmt"/>
      <line num="50" count="1" type="stmt"/>
      <line num="51" count="1" type="stmt"/>
      <line num="52" count="1" type="stmt"/>
      <line num="53" count="1" type="stmt"/>
      <line num="56" count="17" type="stmt"/>
      <line num="57" count="2" type="stmt"/>
      <line num="58" count="2" type="stmt"/>
      <line num="61" count="17" type="stmt"/>
      <line num="63" count="17" type="stmt"/>
      <line num="75" count="2" type="stmt"/>
      <line num="87" count="4" type="stmt"/>
    </file>
  </project>
</coverage>
