{"/app/client/src/components/SpaceUpload.jsx": {"path":"/app/client/src/components/SpaceUpload.jsx","statementMap":{"0":{"start":{"line":7,"column":28},"end":{"line":7,"column":null}},"1":{"start":{"line":8,"column":34},"end":{"line":8,"column":null}},"2":{"start":{"line":9,"column":8},"end":{"line":9,"column":null}},"3":{"start":{"line":11,"column":22},"end":{"line":47,"column":null}},"4":{"start":{"line":12,"column":4},"end":{"line":12,"column":null}},"5":{"start":{"line":12,"column":50},"end":{"line":12,"column":null}},"6":{"start":{"line":14,"column":19},"end":{"line":14,"column":null}},"7":{"start":{"line":15,"column":4},"end":{"line":45,"column":null}},"8":{"start":{"line":16,"column":18},"end":{"line":16,"column":null}},"9":{"start":{"line":17,"column":6},"end":{"line":43,"column":null}},"10":{"start":{"line":18,"column":23},"end":{"line":18,"column":null}},"11":{"start":{"line":19,"column":24},"end":{"line":19,"column":null}},"12":{"start":{"line":20,"column":16},"end":{"line":20,"column":null}},"13":{"start":{"line":21,"column":16},"end":{"line":21,"column":null}},"14":{"start":{"line":23,"column":8},"end":{"line":31,"column":null}},"15":{"start":{"line":24,"column":10},"end":{"line":30,"column":null}},"16":{"start":{"line":25,"column":12},"end":{"line":25,"column":null}},"17":{"start":{"line":26,"column":12},"end":{"line":26,"column":null}},"18":{"start":{"line":28,"column":12},"end":{"line":28,"column":null}},"19":{"start":{"line":29,"column":12},"end":{"line":29,"column":null}},"20":{"start":{"line":33,"column":8},"end":{"line":33,"column":null}},"21":{"start":{"line":34,"column":8},"end":{"line":34,"column":null}},"22":{"start":{"line":35,"column":20},"end":{"line":35,"column":null}},"23":{"start":{"line":36,"column":8},"end":{"line":36,"column":null}},"24":{"start":{"line":38,"column":24},"end":{"line":38,"column":null}},"25":{"start":{"line":39,"column":8},"end":{"line":39,"column":null}},"26":{"start":{"line":41,"column":23},"end":{"line":41,"column":null}},"27":{"start":{"line":42,"column":8},"end":{"line":42,"column":null}},"28":{"start":{"line":44,"column":6},"end":{"line":44,"column":null}},"29":{"start":{"line":46,"column":4},"end":{"line":46,"column":null}},"30":{"start":{"line":49,"column":21},"end":{"line":54,"column":null}},"31":{"start":{"line":50,"column":4},"end":{"line":50,"column":null}},"32":{"start":{"line":51,"column":4},"end":{"line":51,"column":null}},"33":{"start":{"line":52,"column":17},"end":{"line":52,"column":null}},"34":{"start":{"line":53,"column":4},"end":{"line":53,"column":null}},"35":{"start":{"line":56,"column":25},"end":{"line":59,"column":null}},"36":{"start":{"line":57,"column":4},"end":{"line":57,"column":null}},"37":{"start":{"line":58,"column":4},"end":{"line":58,"column":null}},"38":{"start":{"line":61,"column":26},"end":{"line":61,"column":null}},"39":{"start":{"line":61,"column":32},"end":{"line":61,"column":null}},"40":{"start":{"line":63,"column":2},"end":{"line":96,"column":null}},"41":{"start":{"line":75,"column":25},"end":{"line":75,"column":null}},"42":{"start":{"line":87,"column":29},"end":{"line":87,"column":null}}},"fnMap":{"0":{"name":"SpaceUpload","decl":{"start":{"line":6,"column":24},"end":{"line":6,"column":36}},"loc":{"start":{"line":6,"column":66},"end":{"line":98,"column":null}},"line":6},"1":{"name":"(anonymous_1)","decl":{"start":{"line":11,"column":22},"end":{"line":11,"column":23}},"loc":{"start":{"line":11,"column":32},"end":{"line":47,"column":null}},"line":11},"2":{"name":"(anonymous_2)","decl":{"start":{"line":15,"column":20},"end":{"line":15,"column":21}},"loc":{"start":{"line":15,"column":27},"end":{"line":45,"column":null}},"line":15},"3":{"name":"(anonymous_3)","decl":{"start":{"line":17,"column":19},"end":{"line":17,"column":25}},"loc":{"start":{"line":17,"column":25},"end":{"line":43,"column":null}},"line":17},"4":{"name":"(anonymous_4)","decl":{"start":{"line":49,"column":21},"end":{"line":49,"column":22}},"loc":{"start":{"line":49,"column":28},"end":{"line":54,"column":null}},"line":49},"5":{"name":"(anonymous_5)","decl":{"start":{"line":56,"column":25},"end":{"line":56,"column":26}},"loc":{"start":{"line":56,"column":32},"end":{"line":59,"column":null}},"line":56},"6":{"name":"(anonymous_6)","decl":{"start":{"line":61,"column":26},"end":{"line":61,"column":32}},"loc":{"start":{"line":61,"column":32},"end":{"line":61,"column":null}},"line":61},"7":{"name":"(anonymous_7)","decl":{"start":{"line":75,"column":19},"end":{"line":75,"column":25}},"loc":{"start":{"line":75,"column":25},"end":{"line":75,"column":null}},"line":75},"8":{"name":"(anonymous_8)","decl":{"start":{"line":87,"column":22},"end":{"line":87,"column":23}},"loc":{"start":{"line":87,"column":29},"end":{"line":87,"column":null}},"line":87}},"branchMap":{"0":{"loc":{"start":{"line":12,"column":4},"end":{"line":12,"column":null}},"type":"if","locations":[{"start":{"line":12,"column":4},"end":{"line":12,"column":null}},{"start":{},"end":{}}],"line":12},"1":{"loc":{"start":{"line":12,"column":8},"end":{"line":12,"column":50}},"type":"binary-expr","locations":[{"start":{"line":12,"column":8},"end":{"line":12,"column":17}},{"start":{"line":12,"column":17},"end":{"line":12,"column":50}}],"line":12},"2":{"loc":{"start":{"line":23,"column":8},"end":{"line":31,"column":null}},"type":"if","locations":[{"start":{"line":23,"column":8},"end":{"line":31,"column":null}},{"start":{},"end":{}}],"line":23},"3":{"loc":{"start":{"line":23,"column":12},"end":{"line":23,"column":40}},"type":"binary-expr","locations":[{"start":{"line":23,"column":12},"end":{"line":23,"column":27}},{"start":{"line":23,"column":27},"end":{"line":23,"column":40}}],"line":23},"4":{"loc":{"start":{"line":24,"column":10},"end":{"line":30,"column":null}},"type":"if","locations":[{"start":{"line":24,"column":10},"end":{"line":30,"column":null}},{"start":{"line":27,"column":17},"end":{"line":30,"column":null}}],"line":24},"5":{"loc":{"start":{"line":72,"column":7},"end":{"line":94,"column":null}},"type":"cond-expr","locations":[{"start":{"line":73,"column":8},"end":{"line":89,"column":null}},{"start":{"line":91,"column":8},"end":{"line":94,"column":null}}],"line":72},"6":{"loc":{"start":{"line":74,"column":47},"end":{"line":74,"column":97}},"type":"cond-expr","locations":[{"start":{"line":74,"column":60},"end":{"line":74,"column":95}},{"start":{"line":74,"column":95},"end":{"line":74,"column":97}}],"line":74}},"s":{"0":17,"1":17,"2":17,"3":17,"4":5,"5":1,"6":4,"7":4,"8":4,"9":4,"10":4,"11":4,"12":4,"13":4,"14":4,"15":2,"16":1,"17":1,"18":1,"19":1,"20":4,"21":4,"22":4,"23":4,"24":4,"25":4,"26":4,"27":4,"28":4,"29":4,"30":17,"31":1,"32":1,"33":1,"34":1,"35":17,"36":2,"37":2,"38":17,"39":1,"40":17,"41":2,"42":4},"f":{"0":17,"1":5,"2":4,"3":4,"4":1,"5":2,"6":1,"7":2,"8":4},"b":{"0":[1,4],"1":[5,5],"2":[2,2],"3":[4,3],"4":[1,1],"5":[13,4],"6":[2,11]},"meta":{"lastBranch":7,"lastFunction":9,"lastStatement":43,"seen":{"f:6:24:6:36":0,"s:7:28:7:Infinity":0,"s:8:34:8:Infinity":1,"s:9:8:9:Infinity":2,"s:11:22:47:Infinity":3,"f:11:22:11:23":1,"b:12:4:12:Infinity:undefined:undefined:undefined:undefined":0,"s:12:4:12:Infinity":4,"b:12:8:12:17:12:17:12:50":1,"s:12:50:12:Infinity":5,"s:14:19:14:Infinity":6,"s:15:4:45:Infinity":7,"f:15:20:15:21":2,"s:16:18:16:Infinity":8,"s:17:6:43:Infinity":9,"f:17:19:17:25":3,"s:18:23:18:Infinity":10,"s:19:24:19:Infinity":11,"s:20:16:20:Infinity":12,"s:21:16:21:Infinity":13,"b:23:8:31:Infinity:undefined:undefined:undefined:undefined":2,"s:23:8:31:Infinity":14,"b:23:12:23:27:23:27:23:40":3,"b:24:10:30:Infinity:27:17:30:Infinity":4,"s:24:10:30:Infinity":15,"s:25:12:25:Infinity":16,"s:26:12:26:Infinity":17,"s:28:12:28:Infinity":18,"s:29:12:29:Infinity":19,"s:33:8:33:Infinity":20,"s:34:8:34:Infinity":21,"s:35:20:35:Infinity":22,"s:36:8:36:Infinity":23,"s:38:24:38:Infinity":24,"s:39:8:39:Infinity":25,"s:41:23:41:Infinity":26,"s:42:8:42:Infinity":27,"s:44:6:44:Infinity":28,"s:46:4:46:Infinity":29,"s:49:21:54:Infinity":30,"f:49:21:49:22":4,"s:50:4:50:Infinity":31,"s:51:4:51:Infinity":32,"s:52:17:52:Infinity":33,"s:53:4:53:Infinity":34,"s:56:25:59:Infinity":35,"f:56:25:56:26":5,"s:57:4:57:Infinity":36,"s:58:4:58:Infinity":37,"s:61:26:61:Infinity":38,"f:61:26:61:32":6,"s:61:32:61:Infinity":39,"s:63:2:96:Infinity":40,"b:73:8:89:Infinity:91:8:94:Infinity":5,"b:74:60:74:95:74:95:74:97":6,"f:75:19:75:25":7,"s:75:25:75:Infinity":41,"f:87:22:87:23":8,"s:87:29:87:Infinity":42}}}
}
